#
# A fatal error has been detected by the Java Runtime Environment:
#
#  EXCEPTION_ACCESS_VIOLATION (0xc0000005) at pc=0x000002243ef61066, pid=10684, tid=0x00000000000011f8
#
# JRE version: OpenJDK Runtime Environment (8.0_402-b08) (build 1.8.0_402-b08)
# Java VM: OpenJDK 64-Bit Server VM (25.402-b08 mixed mode windows-amd64 compressed oops)
# Problematic frame:
# C  [OpenAL64.dll+0x11066]
#
# Failed to write core dump. Minidumps are not enabled by default on client versions of Windows
#
# If you would like to submit a bug report, please visit:
#   https://github.com/corretto/corretto-8/issues/
# The crash happened outside the Java Virtual Machine in native code.
# See problematic frame for where to report the bug.
#

---------------  T H R E A D  ---------------

Current thread (0x000002241e90c000):  JavaThread "Thread-6" [_thread_in_native, id=4600, stack(0x0000002a9e600000,0x0000002a9e700000)]

siginfo: ExceptionCode=0xc0000005, reading address 0x000002241e798004

Registers:
RAX=0x0000000000000004, RBX=0x000002243f000090, RCX=0x000002241e798008, RDX=0x000002241e798004
RSP=0x0000002a9e6fecd0, RBP=0x00000000000000ff, RSI=0x000002241e795b5c, RDI=0x0000000000000000
R8 =0x000000000000092a, R9 =0x000002241e795b5c, R10=0x0000022404139622, R11=0x0000000066469510
R12=0x0000000000000001, R13=0x000002243edc83e0, R14=0x0000002a9e6fee68, R15=0x000002241e90c000
RIP=0x000002243ef61066, EFLAGS=0x0000000000010202

Top of Stack: (sp=0x0000002a9e6fecd0)
0x0000002a9e6fecd0:   0000000000000000 000002241e90c000
0x0000002a9e6fece0:   0000002a9e6fee68 000002243edc83e0
0x0000002a9e6fecf0:   000002243edc83e0 0000000000000000
0x0000002a9e6fed00:   000002241e90c000 0000000000000000
0x0000002a9e6fed10:   0000002a9e6fee30 00000000662ff35b
0x0000002a9e6fed20:   0000002a9e6fed50 000002240417aef6
0x0000002a9e6fed30:   000002241c8d1a20 00000224304552f0
0x0000002a9e6fed40:   000002241e90c000 0000002a9e6fee68
0x0000002a9e6fed50:   000002243edc83e0 0000000000000000
0x0000002a9e6fed60:   000002241e795b5c 000002241e795b5c
0x0000002a9e6fed70:   0000002a9e6fee30 000002243ef6248f
0x0000002a9e6fed80:   000002243f000090 000002243f000090
0x0000002a9e6fed90:   000002240000ac44 0000022400000004
0x0000002a9e6feda0:   0000000080821330 000002240413964e
0x0000002a9e6fedb0:   000002243edc83e0 0000022404139345
0x0000002a9e6fedc0:   000002243edc83e0 0000002a9e6fee30 

Instructions: (pc=0x000002243ef61066)
0x000002243ef61046:   41 2b ec 81 3a 03 00 02 00 75 09 8b 01 89 84 24
0x000002243ef61056:   c8 00 00 00 49 83 c0 02 48 83 c1 08 4a 8d 14 86
0x000002243ef61066:   39 3a 75 af 4c 8d 84 24 c0 00 00 00 48 8d 15 d7
0x000002243ef61076:   2b 03 00 33 c9 e8 58 5f 00 00 b8 40 1f 00 00 4c 


Register to memory mapping:

RAX=0x0000000000000004 is an unknown value
RBX=0x000002243f000090 is an unknown value
RCX=0x000002241e798008 is an unknown value
RDX=0x000002241e798004 is an unknown value
RSP=0x0000002a9e6fecd0 is pointing into the stack for thread: 0x000002241e90c000
RBP=0x00000000000000ff is an unknown value
RSI=0x000002241e795b5c is an unknown value
RDI=0x0000000000000000 is an unknown value
R8 =0x000000000000092a is an unknown value
R9 =0x000002241e795b5c is an unknown value
R10=0x0000022404139622 is at code_begin+962 in an Interpreter codelet
method entry point (kind = native)  [0x0000022404139260, 0x0000022404139d00]  2720 bytes
R11=0x0000000066469510 is an unknown value
R12=0x0000000000000001 is an unknown value
R13={method} {0x000002243edc83e8} 'nalcCreateContext' '(JJ)J' in 'org/lwjgl/openal/ALC10'
R14=0x0000002a9e6fee68 is pointing into the stack for thread: 0x000002241e90c000
R15=0x000002241e90c000 is a thread


Stack: [0x0000002a9e600000,0x0000002a9e700000],  sp=0x0000002a9e6fecd0,  free space=1019k
Native frames: (J=compiled Java code, j=interpreted, Vv=VM code, C=native code)
C  [OpenAL64.dll+0x11066]
C  [OpenAL64.dll+0x1248f]
C  0x000002240413964e

Java frames: (J=compiled Java code, j=interpreted, Vv=VM code)
j  org.lwjgl.openal.ALC10.nalcCreateContext(JJ)J+0
j  org.lwjgl.openal.ALC10.alcCreateContext(Lorg/lwjgl/openal/ALCdevice;Ljava/nio/IntBuffer;)Lorg/lwjgl/openal/ALCcontext;+8
j  org.lwjgl.openal.AL.init(Ljava/lang/String;IIZZ)V+69
j  org.lwjgl.openal.AL.create(Ljava/lang/String;IIZZ)V+227
j  org.lwjgl.openal.AL.create(Ljava/lang/String;IIZ)V+5
j  org.lwjgl.openal.AL.create()V+6
j  paulscode.sound.libraries.LibraryLWJGLOpenAL.init()V+2
j  paulscode.sound.SoundSystem.CommandNewLibrary(Ljava/lang/Class;)V+260
j  paulscode.sound.SoundSystem.CommandQueue(Lpaulscode/sound/CommandObject;)Z+1206
j  paulscode.sound.CommandThread.run()V+51
v  ~StubRoutines::call_stub

---------------  P R O C E S S  ---------------

Java Threads: ( => current thread )
  0x000002241e90e800 JavaThread "Thread-7" [_thread_blocked, id=240, stack(0x0000002a9ea00000,0x0000002a9eb00000)]
=>0x000002241e90c000 JavaThread "Thread-6" [_thread_in_native, id=4600, stack(0x0000002a9e600000,0x0000002a9e700000)]
  0x000002241e90a800 JavaThread "Sound Library Loader" [_thread_blocked, id=2076, stack(0x0000002a9e400000,0x0000002a9e500000)]
  0x000002241e4b0800 JavaThread "AWT-Windows" daemon [_thread_in_native, id=2568, stack(0x0000002a9e700000,0x0000002a9e800000)]
  0x000002241e72c800 JavaThread "Java2D Disposer" daemon [_thread_blocked, id=8484, stack(0x0000002a9e500000,0x0000002a9e600000)]
  0x000002241cb13000 JavaThread "Timer hack thread" daemon [_thread_blocked, id=5412, stack(0x0000002a9de00000,0x0000002a9df00000)]
  0x000002241b115000 JavaThread "Snooper Timer" daemon [_thread_blocked, id=10440, stack(0x0000002a9dc00000,0x0000002a9dd00000)]
  0x000002241a427000 JavaThread "Snooper Timer" daemon [_thread_blocked, id=13204, stack(0x0000002a9db00000,0x0000002a9dc00000)]
  0x0000022419e06800 JavaThread "Service Thread" daemon [_thread_blocked, id=9788, stack(0x0000002a9d900000,0x0000002a9da00000)]
  0x0000022419d9d000 JavaThread "C1 CompilerThread2" daemon [_thread_blocked, id=2576, stack(0x0000002a9d800000,0x0000002a9d900000)]
  0x0000022419d4c800 JavaThread "C2 CompilerThread1" daemon [_thread_blocked, id=8680, stack(0x0000002a9d700000,0x0000002a9d800000)]
  0x0000022419d4a800 JavaThread "C2 CompilerThread0" daemon [_thread_blocked, id=2932, stack(0x0000002a9d600000,0x0000002a9d700000)]
  0x0000022419d46000 JavaThread "Monitor Ctrl-Break" daemon [_thread_in_native, id=10672, stack(0x0000002a9d500000,0x0000002a9d600000)]
  0x0000022419010000 JavaThread "Attach Listener" daemon [_thread_blocked, id=10368, stack(0x0000002a9d400000,0x0000002a9d500000)]
  0x000002241900f000 JavaThread "Signal Dispatcher" daemon [_thread_blocked, id=8676, stack(0x0000002a9d300000,0x0000002a9d400000)]
  0x0000022418f83000 JavaThread "Finalizer" daemon [_thread_blocked, id=12936, stack(0x0000002a9d200000,0x0000002a9d300000)]
  0x0000022418f7c000 JavaThread "Reference Handler" daemon [_thread_blocked, id=7808, stack(0x0000002a9d100000,0x0000002a9d200000)]
  0x00000224027e2800 JavaThread "Client thread" [_thread_in_native, id=2120, stack(0x0000002a9cb00000,0x0000002a9cc00000)]

Other Threads:
  0x0000022418f54800 VMThread [stack: 0x0000002a9d000000,0x0000002a9d100000] [id=660]
  0x0000022419e0f800 WatcherThread [stack: 0x0000002a9da00000,0x0000002a9db00000] [id=12136]

VM state:not at safepoint (normal execution)

VM Mutex/Monitor currently owned by a thread: None

heap address: 0x0000000080800000, size: 2040 MB, Compressed Oops mode: 32-bit
Narrow klass base: 0x0000000000000000, Narrow klass shift: 3
Compressed class space size: 1073741824 Address: 0x0000000100000000

Heap:
 PSYoungGen      total 417280K, used 348097K [0x00000000d5800000, 0x0000000100000000, 0x0000000100000000)
  eden space 317440K, 79% used [0x00000000d5800000,0x00000000e4d80540,0x00000000e8e00000)
  from space 99840K, 96% used [0x00000000e8e00000,0x00000000eec6fec0,0x00000000eef80000)
  to   space 165888K, 0% used [0x00000000f5e00000,0x00000000f5e00000,0x0000000100000000)
 ParOldGen       total 424448K, used 261929K [0x0000000080800000, 0x000000009a680000, 0x00000000d5800000)
  object space 424448K, 61% used [0x0000000080800000,0x00000000907ca5c0,0x000000009a680000)
 Metaspace       used 35289K, capacity 35651K, committed 36224K, reserved 1081344K
  class space    used 4532K, capacity 4626K, committed 4736K, reserved 1048576K

Card table byte_map: [0x00000224134e0000,0x00000224138e0000] byte_map_base: 0x00000224130dc000

Marking Bits: (ParMarkBitMap*) 0x0000000066a43810
 Begin Bits: [0x0000022413b90000, 0x0000022415b70000)
 End Bits:   [0x0000022415b70000, 0x0000022417b50000)

Polling page: 0x0000022402900000

CodeCache: size=245760Kb used=8477Kb max_used=8641Kb free=237282Kb
 bounds [0x0000022404120000, 0x00000224049a0000, 0x0000022413120000]
 total_blobs=3293 nmethods=2533 adapters=673
 compilation: enabled

Compilation events (10 events):
Event: 25.377 Thread 0x0000022419d9d000 2977       3       org.apache.logging.log4j.core.layout.PatternLayout$NoFormatPatternSerializer::toSerializable (40 bytes)
Event: 25.377 Thread 0x0000022419d9d000 nmethod 2977 0x0000022404961090 code [0x0000022404961200, 0x0000022404961510]
Event: 25.377 Thread 0x0000022419d9d000 2978       1       net.minecraft.client.audio.SoundList::getSoundCategory (5 bytes)
Event: 25.377 Thread 0x0000022419d9d000 nmethod 2978 0x000002240494b990 code [0x000002240494bae0, 0x000002240494bbf8]
Event: 25.377 Thread 0x0000022419d9d000 2979       1       net.minecraft.client.audio.SoundEventAccessorComposite::getSoundEventLocation (5 bytes)
Event: 25.377 Thread 0x0000022419d9d000 nmethod 2979 0x0000022404960dd0 code [0x0000022404960f20, 0x0000022404961038]
Event: 25.380 Thread 0x0000022419d9d000 2980       3       sun.nio.cs.UTF_8$Encoder::encodeLoop (28 bytes)
Event: 25.380 Thread 0x0000022419d9d000 nmethod 2980 0x00000224049604d0 code [0x0000022404960660, 0x0000022404960ba0]
Event: 25.381 Thread 0x0000022419d9d000 2981       3       java.util.Calendar::setLenient (6 bytes)
Event: 25.381 Thread 0x0000022419d9d000 nmethod 2981 0x000002240438f3d0 code [0x000002240438f520, 0x000002240438f678]

GC Heap History (10 events):
Event: 11.393 GC heap before
{Heap before GC invocations=8 (full 1):
 PSYoungGen      total 215552K, used 215520K [0x00000000d5800000, 0x00000000e7580000, 0x0000000100000000)
  eden space 197632K, 100% used [0x00000000d5800000,0x00000000e1900000,0x00000000e1900000)
  from space 17920K, 99% used [0x00000000e2f00000,0x00000000e4078030,0x00000000e4080000)
  to   space 22528K, 0% used [0x00000000e1900000,0x00000000e1900000,0x00000000e2f00000)
 ParOldGen       total 45568K, used 25872K [0x0000000080800000, 0x0000000083480000, 0x00000000d5800000)
  object space 45568K, 56% used [0x0000000080800000,0x00000000821440d0,0x0000000083480000)
 Metaspace       used 34286K, capacity 34655K, committed 35072K, reserved 1079296K
  class space    used 4470K, capacity 4592K, committed 4608K, reserved 1048576K
Event: 11.473 GC heap after
Heap after GC invocations=8 (full 1):
 PSYoungGen      total 220160K, used 22506K [0x00000000d5800000, 0x00000000f4100000, 0x0000000100000000)
  eden space 197632K, 0% used [0x00000000d5800000,0x00000000d5800000,0x00000000e1900000)
  from space 22528K, 99% used [0x00000000e1900000,0x00000000e2efa860,0x00000000e2f00000)
  to   space 69632K, 0% used [0x00000000efd00000,0x00000000efd00000,0x00000000f4100000)
 ParOldGen       total 111104K, used 110695K [0x0000000080800000, 0x0000000087480000, 0x00000000d5800000)
  object space 111104K, 99% used [0x0000000080800000,0x0000000087419e08,0x0000000087480000)
 Metaspace       used 34286K, capacity 34655K, committed 35072K, reserved 1079296K
  class space    used 4470K, capacity 4592K, committed 4608K, reserved 1048576K
}
Event: 11.473 GC heap before
{Heap before GC invocations=9 (full 2):
 PSYoungGen      total 220160K, used 22506K [0x00000000d5800000, 0x00000000f4100000, 0x0000000100000000)
  eden space 197632K, 0% used [0x00000000d5800000,0x00000000d5800000,0x00000000e1900000)
  from space 22528K, 99% used [0x00000000e1900000,0x00000000e2efa860,0x00000000e2f00000)
  to   space 69632K, 0% used [0x00000000efd00000,0x00000000efd00000,0x00000000f4100000)
 ParOldGen       total 111104K, used 110695K [0x0000000080800000, 0x0000000087480000, 0x00000000d5800000)
  object space 111104K, 99% used [0x0000000080800000,0x0000000087419e08,0x0000000087480000)
 Metaspace       used 34286K, capacity 34655K, committed 35072K, reserved 1079296K
  class space    used 4470K, capacity 4592K, committed 4608K, reserved 1048576K
Event: 11.827 GC heap after
Heap after GC invocations=9 (full 2):
 PSYoungGen      total 220160K, used 19430K [0x00000000d5800000, 0x00000000f4100000, 0x0000000100000000)
  eden space 197632K, 0% used [0x00000000d5800000,0x00000000d5800000,0x00000000e1900000)
  from space 22528K, 86% used [0x00000000e1900000,0x00000000e2bf9b88,0x00000000e2f00000)
  to   space 69632K, 0% used [0x00000000efd00000,0x00000000efd00000,0x00000000f4100000)
 ParOldGen       total 215552K, used 108388K [0x0000000080800000, 0x000000008da80000, 0x00000000d5800000)
  object space 215552K, 50% used [0x0000000080800000,0x00000000871d93f8,0x000000008da80000)
 Metaspace       used 34286K, capacity 34655K, committed 35072K, reserved 1079296K
  class space    used 4470K, capacity 4592K, committed 4608K, reserved 1048576K
}
Event: 18.195 GC heap before
{Heap before GC invocations=10 (full 2):
 PSYoungGen      total 220160K, used 216661K [0x00000000d5800000, 0x00000000f4100000, 0x0000000100000000)
  eden space 197632K, 99% used [0x00000000d5800000,0x00000000e189ba30,0x00000000e1900000)
  from space 22528K, 86% used [0x00000000e1900000,0x00000000e2bf9b88,0x00000000e2f00000)
  to   space 69632K, 0% used [0x00000000efd00000,0x00000000efd00000,0x00000000f4100000)
 ParOldGen       total 215552K, used 108388K [0x0000000080800000, 0x000000008da80000, 0x00000000d5800000)
  object space 215552K, 50% used [0x0000000080800000,0x00000000871d93f8,0x000000008da80000)
 Metaspace       used 34353K, capacity 34719K, committed 35072K, reserved 1079296K
  class space    used 4470K, capacity 4592K, committed 4608K, reserved 1048576K
Event: 18.246 GC heap after
Heap after GC invocations=10 (full 2):
 PSYoungGen      total 387072K, used 69618K [0x00000000d5800000, 0x00000000f5100000, 0x0000000100000000)
  eden space 317440K, 0% used [0x00000000d5800000,0x00000000d5800000,0x00000000e8e00000)
  from space 69632K, 99% used [0x00000000efd00000,0x00000000f40fcbb0,0x00000000f4100000)
  to   space 99840K, 0% used [0x00000000e8e00000,0x00000000e8e00000,0x00000000eef80000)
 ParOldGen       total 215552K, used 144817K [0x0000000080800000, 0x000000008da80000, 0x00000000d5800000)
  object space 215552K, 67% used [0x0000000080800000,0x000000008956c748,0x000000008da80000)
 Metaspace       used 34353K, capacity 34719K, committed 35072K, reserved 1079296K
  class space    used 4470K, capacity 4592K, committed 4608K, reserved 1048576K
}
Event: 22.226 GC heap before
{Heap before GC invocations=11 (full 2):
 PSYoungGen      total 387072K, used 386640K [0x00000000d5800000, 0x00000000f5100000, 0x0000000100000000)
  eden space 317440K, 99% used [0x00000000d5800000,0x00000000e8d975b0,0x00000000e8e00000)
  from space 69632K, 99% used [0x00000000efd00000,0x00000000f40fcbb0,0x00000000f4100000)
  to   space 99840K, 0% used [0x00000000e8e00000,0x00000000e8e00000,0x00000000eef80000)
 ParOldGen       total 215552K, used 144817K [0x0000000080800000, 0x000000008da80000, 0x00000000d5800000)
  object space 215552K, 67% used [0x0000000080800000,0x000000008956c748,0x000000008da80000)
 Metaspace       used 34413K, capacity 34783K, committed 35072K, reserved 1079296K
  class space    used 4471K, capacity 4592K, committed 4608K, reserved 1048576K
Event: 22.433 GC heap after
Heap after GC invocations=11 (full 2):
 PSYoungGen      total 417280K, used 99821K [0x00000000d5800000, 0x0000000100000000, 0x0000000100000000)
  eden space 317440K, 0% used [0x00000000d5800000,0x00000000d5800000,0x00000000e8e00000)
  from space 99840K, 99% used [0x00000000e8e00000,0x00000000eef7b488,0x00000000eef80000)
  to   space 165888K, 0% used [0x00000000f5e00000,0x00000000f5e00000,0x0000000100000000)
 ParOldGen       total 262144K, used 260367K [0x0000000080800000, 0x0000000090800000, 0x00000000d5800000)
  object space 262144K, 99% used [0x0000000080800000,0x0000000090643da8,0x0000000090800000)
 Metaspace       used 34413K, capacity 34783K, committed 35072K, reserved 1079296K
  class space    used 4471K, capacity 4592K, committed 4608K, reserved 1048576K
}
Event: 22.433 GC heap before
{Heap before GC invocations=12 (full 3):
 PSYoungGen      total 417280K, used 99821K [0x00000000d5800000, 0x0000000100000000, 0x0000000100000000)
  eden space 317440K, 0% used [0x00000000d5800000,0x00000000d5800000,0x00000000e8e00000)
  from space 99840K, 99% used [0x00000000e8e00000,0x00000000eef7b488,0x00000000eef80000)
  to   space 165888K, 0% used [0x00000000f5e00000,0x00000000f5e00000,0x0000000100000000)
 ParOldGen       total 262144K, used 260367K [0x0000000080800000, 0x0000000090800000, 0x00000000d5800000)
  object space 262144K, 99% used [0x0000000080800000,0x0000000090643da8,0x0000000090800000)
 Metaspace       used 34413K, capacity 34783K, committed 35072K, reserved 1079296K
  class space    used 4471K, capacity 4592K, committed 4608K, reserved 1048576K
Event: 22.966 GC heap after
Heap after GC invocations=12 (full 3):
 PSYoungGen      total 417280K, used 96703K [0x00000000d5800000, 0x0000000100000000, 0x0000000100000000)
  eden space 317440K, 0% used [0x00000000d5800000,0x00000000d5800000,0x00000000e8e00000)
  from space 99840K, 96% used [0x00000000e8e00000,0x00000000eec6fec0,0x00000000eef80000)
  to   space 165888K, 0% used [0x00000000f5e00000,0x00000000f5e00000,0x0000000100000000)
 ParOldGen       total 424448K, used 261929K [0x0000000080800000, 0x000000009a680000, 0x00000000d5800000)
  object space 424448K, 61% used [0x0000000080800000,0x00000000907ca5c0,0x000000009a680000)
 Metaspace       used 34413K, capacity 34783K, committed 35072K, reserved 1079296K
  class space    used 4471K, capacity 4592K, committed 4608K, reserved 1048576K
}

Deoptimization events (10 events):
Event: 22.041 Thread 0x00000224027e2800 Uncommon trap: reason=unstable_if action=reinterpret pc=0x00000224044b0334 method=sun.font.CMap$CMapFormat12.getGlyph(I)C @ 34
Event: 22.042 Thread 0x00000224027e2800 Uncommon trap: reason=unstable_if action=reinterpret pc=0x0000022404368604 method=sun.font.CMap$CMapFormat12.getGlyph(I)C @ 34
Event: 22.984 Thread 0x00000224027e2800 Uncommon trap: reason=null_check action=make_not_entrant pc=0x00000224047d65bc method=sun.java2d.pipe.AlphaPaintPipe.renderPathTile(Ljava/lang/Object;[BIIIIII)V @ 57
Event: 23.275 Thread 0x00000224027e2800 Uncommon trap: reason=unstable_if action=reinterpret pc=0x000002240427082c method=java.lang.StrictMath.floorOrCeil(DDDD)D @ 14
Event: 23.275 Thread 0x00000224027e2800 Uncommon trap: reason=unstable_if action=reinterpret pc=0x000002240424a57c method=java.lang.StrictMath.floorOrCeil(DDDD)D @ 14
Event: 23.275 Thread 0x00000224027e2800 Uncommon trap: reason=unstable_if action=reinterpret pc=0x0000022404949f7c method=java.lang.StrictMath.floorOrCeil(DDDD)D @ 14
Event: 24.553 Thread 0x00000224027e2800 Uncommon trap: reason=class_check action=maybe_recompile pc=0x00000224049642b0 method=java.awt.image.BufferedImage.getRGB(IIII[III)[I @ 202
Event: 24.554 Thread 0x00000224027e2800 Uncommon trap: reason=class_check action=maybe_recompile pc=0x00000224049642b0 method=java.awt.image.BufferedImage.getRGB(IIII[III)[I @ 202
Event: 24.555 Thread 0x00000224027e2800 Uncommon trap: reason=class_check action=maybe_recompile pc=0x00000224049642b0 method=java.awt.image.BufferedImage.getRGB(IIII[III)[I @ 202
Event: 24.555 Thread 0x00000224027e2800 Uncommon trap: reason=class_check action=maybe_recompile pc=0x00000224049642b0 method=java.awt.image.BufferedImage.getRGB(IIII[III)[I @ 202

Classes redefined (0 events):
No events

Internal exceptions (10 events):
Event: 25.258 Thread 0x000002241e90c000 Exception <a 'java/lang/InterruptedException': sleep interrupted> (0x00000000e3f7c470) thrown at [C:\wsjdk\Corretto8Src\installers\windows\zip\corretto-build\buildRoot\hotspot\src\share\vm\prims\jvm.cpp, line 3374]
Event: 25.275 Thread 0x000002241e90c000 Exception <a 'java/security/PrivilegedActionException'> (0x00000000e400eee0) thrown at [C:\wsjdk\Corretto8Src\installers\windows\zip\corretto-build\buildRoot\hotspot\src\share\vm\prims\jvm.cpp, line 1514]
Event: 25.275 Thread 0x000002241e90c000 Exception <a 'java/security/PrivilegedActionException'> (0x00000000e4010a50) thrown at [C:\wsjdk\Corretto8Src\installers\windows\zip\corretto-build\buildRoot\hotspot\src\share\vm\prims\jvm.cpp, line 1514]
Event: 25.275 Thread 0x000002241e90c000 Exception <a 'java/security/PrivilegedActionException'> (0x00000000e4011b70) thrown at [C:\wsjdk\Corretto8Src\installers\windows\zip\corretto-build\buildRoot\hotspot\src\share\vm\prims\jvm.cpp, line 1514]
Event: 25.276 Thread 0x000002241e90c000 Exception <a 'java/security/PrivilegedActionException'> (0x00000000e4017080) thrown at [C:\wsjdk\Corretto8Src\installers\windows\zip\corretto-build\buildRoot\hotspot\src\share\vm\prims\jvm.cpp, line 1514]
Event: 25.276 Thread 0x000002241e90c000 Exception <a 'java/security/PrivilegedActionException'> (0x00000000e4017cd8) thrown at [C:\wsjdk\Corretto8Src\installers\windows\zip\corretto-build\buildRoot\hotspot\src\share\vm\prims\jvm.cpp, line 1514]
Event: 25.276 Thread 0x000002241e90c000 Exception <a 'java/security/PrivilegedActionException'> (0x00000000e4018900) thrown at [C:\wsjdk\Corretto8Src\installers\windows\zip\corretto-build\buildRoot\hotspot\src\share\vm\prims\jvm.cpp, line 1514]
Event: 25.276 Thread 0x000002241e90c000 Exception <a 'java/security/PrivilegedActionException'> (0x00000000e4019cf0) thrown at [C:\wsjdk\Corretto8Src\installers\windows\zip\corretto-build\buildRoot\hotspot\src\share\vm\prims\jvm.cpp, line 1514]
Event: 25.276 Thread 0x000002241e90c000 Exception <a 'java/security/PrivilegedActionException'> (0x00000000e401a948) thrown at [C:\wsjdk\Corretto8Src\installers\windows\zip\corretto-build\buildRoot\hotspot\src\share\vm\prims\jvm.cpp, line 1514]
Event: 25.276 Thread 0x000002241e90c000 Exception <a 'java/security/PrivilegedActionException'> (0x00000000e401b570) thrown at [C:\wsjdk\Corretto8Src\installers\windows\zip\corretto-build\buildRoot\hotspot\src\share\vm\prims\jvm.cpp, line 1514]

Events (10 events):
Event: 25.292 loading class org/lwjgl/openal/ALC10
Event: 25.292 loading class org/lwjgl/openal/ALC10 done
Event: 25.389 loading class org/lwjgl/openal/ALCdevice
Event: 25.389 loading class org/lwjgl/openal/ALCdevice done
Event: 25.389 loading class org/lwjgl/openal/ALCcontext
Event: 25.389 loading class org/lwjgl/openal/ALCcontext done
Event: 25.390 loading class org/lwjgl/openal/Util
Event: 25.390 loading class org/lwjgl/openal/Util done
Event: 25.391 loading class org/lwjgl/openal/OpenALException
Event: 25.391 loading class org/lwjgl/openal/OpenALException done


Dynamic libraries:
0x00007ff627170000 - 0x00007ff6271b6000 	C:\Users\Administrator\.jdks\corretto-1.8.0_402-1\bin\java.exe
0x00007ffd7bf90000 - 0x00007ffd7c185000 	C:\Windows\SYSTEM32\ntdll.dll
0x00007ffd7a480000 - 0x00007ffd7a53d000 	C:\Windows\System32\KERNEL32.DLL
0x00007ffd79cc0000 - 0x00007ffd79f87000 	C:\Windows\System32\KERNELBASE.dll
0x00007ffd7aef0000 - 0x00007ffd7af9a000 	C:\Windows\System32\ADVAPI32.dll
0x00007ffd7b650000 - 0x00007ffd7b6ee000 	C:\Windows\System32\msvcrt.dll
0x00007ffd7b700000 - 0x00007ffd7b79b000 	C:\Windows\System32\sechost.dll
0x00007ffd7a1b0000 - 0x00007ffd7a2d4000 	C:\Windows\System32\RPCRT4.dll
0x00007ffd7afa0000 - 0x00007ffd7b140000 	C:\Windows\System32\USER32.dll
0x00007ffd796d0000 - 0x00007ffd796f2000 	C:\Windows\System32\win32u.dll
0x00007ffd7b970000 - 0x00007ffd7b99a000 	C:\Windows\System32\GDI32.dll
0x00007ffd79bb0000 - 0x00007ffd79cb9000 	C:\Windows\System32\gdi32full.dll
0x00007ffd79900000 - 0x00007ffd7999d000 	C:\Windows\System32\msvcp_win.dll
0x00007ffd797b0000 - 0x00007ffd798b0000 	C:\Windows\System32\ucrtbase.dll
0x00007ffd66050000 - 0x00007ffd662eb000 	C:\Windows\WinSxS\amd64_microsoft.windows.common-controls_6595b64144ccf1df_6.0.19041.488_none_ca04af081b815d21\COMCTL32.dll
0x00007ffd7bf20000 - 0x00007ffd7bf50000 	C:\Windows\System32\IMM32.DLL
0x00007ffd64050000 - 0x00007ffd64065000 	C:\Users\Administrator\.jdks\corretto-1.8.0_402-1\jre\bin\vcruntime140.dll
0x00007ffd4a3d0000 - 0x00007ffd4a46b000 	C:\Users\Administrator\.jdks\corretto-1.8.0_402-1\jre\bin\msvcp140.dll
0x0000000066260000 - 0x0000000066abc000 	C:\Users\Administrator\.jdks\corretto-1.8.0_402-1\jre\bin\server\jvm.dll
0x00007ffd7a1a0000 - 0x00007ffd7a1a8000 	C:\Windows\System32\PSAPI.DLL
0x00007ffd71c10000 - 0x00007ffd71c37000 	C:\Windows\SYSTEM32\WINMM.dll
0x00007ffd752d0000 - 0x00007ffd752d9000 	C:\Windows\SYSTEM32\WSOCK32.dll
0x00007ffd73a50000 - 0x00007ffd73a5a000 	C:\Windows\SYSTEM32\VERSION.dll
0x00007ffd7a410000 - 0x00007ffd7a47b000 	C:\Windows\System32\WS2_32.dll
0x00007ffd77650000 - 0x00007ffd77663000 	C:\Windows\SYSTEM32\kernel.appcore.dll
0x00007ffd63930000 - 0x00007ffd63940000 	C:\Users\Administrator\.jdks\corretto-1.8.0_402-1\jre\bin\verify.dll
0x00007ffd55f50000 - 0x00007ffd55f7b000 	C:\Users\Administrator\.jdks\corretto-1.8.0_402-1\jre\bin\java.dll
0x00007ffd55a70000 - 0x00007ffd55aa2000 	C:\Users\Administrator\.jdks\corretto-1.8.0_402-1\jre\bin\instrument.dll
0x00007ffd608b0000 - 0x00007ffd608c8000 	C:\Users\Administrator\.jdks\corretto-1.8.0_402-1\jre\bin\zip.dll
0x00007ffd7a5f0000 - 0x00007ffd7ad31000 	C:\Windows\System32\SHELL32.dll
0x00007ffd77850000 - 0x00007ffd77fe3000 	C:\Windows\SYSTEM32\windows.storage.dll
0x00007ffd7b2f0000 - 0x00007ffd7b645000 	C:\Windows\System32\combase.dll
0x00007ffd79140000 - 0x00007ffd7916c000 	C:\Windows\SYSTEM32\Wldp.dll
0x00007ffd7a540000 - 0x00007ffd7a5ee000 	C:\Windows\System32\SHCORE.dll
0x00007ffd7b9a0000 - 0x00007ffd7b9f5000 	C:\Windows\System32\shlwapi.dll
0x00007ffd79600000 - 0x00007ffd79626000 	C:\Windows\SYSTEM32\profapi.dll
0x00007ffd60040000 - 0x00007ffd6005a000 	E:\IntelliJ IDEA Community Edition 2023.3.6\bin\breakgen64.dll
0x00007ffd5ff50000 - 0x00007ffd5ff6c000 	C:\Users\Administrator\.jdks\corretto-1.8.0_402-1\jre\bin\net.dll
0x00007ffd78e50000 - 0x00007ffd78eba000 	C:\Windows\system32\mswsock.dll
0x00007ffd627d0000 - 0x00007ffd627dd000 	C:\Users\Administrator\.jdks\corretto-1.8.0_402-1\jre\bin\management.dll
0x00007ffd5a330000 - 0x00007ffd5a347000 	C:\Windows\system32\napinsp.dll
0x00007ffd5a310000 - 0x00007ffd5a32b000 	C:\Windows\system32\pnrpnsp.dll
0x00007ffd638f0000 - 0x00007ffd63905000 	C:\Windows\system32\wshbth.dll
0x00007ffd75180000 - 0x00007ffd7519d000 	C:\Windows\system32\NLAapi.dll
0x00007ffd78ae0000 - 0x00007ffd78b1b000 	C:\Windows\SYSTEM32\IPHLPAPI.DLL
0x00007ffd78b80000 - 0x00007ffd78c4b000 	C:\Windows\SYSTEM32\DNSAPI.dll
0x00007ffd7a400000 - 0x00007ffd7a409000 	C:\Windows\System32\NSI.dll
0x00007ffd5a2f0000 - 0x00007ffd5a302000 	C:\Windows\System32\winrnr.dll
0x00007ffd6f030000 - 0x00007ffd6f03a000 	C:\Windows\System32\rasadhlp.dll
0x00007ffd71cd0000 - 0x00007ffd71d4f000 	C:\Windows\System32\fwpuclnt.dll
0x00007ffd79780000 - 0x00007ffd797a7000 	C:\Windows\System32\bcrypt.dll
0x00007ffd75300000 - 0x00007ffd75313000 	C:\Users\Administrator\.jdks\corretto-1.8.0_402-1\jre\bin\nio.dll
0x0000000180000000 - 0x0000000180053000 	C:\Users\Administrator\Desktop\Xy\src\main\resources\natives\lwjgl64.dll
0x00007ffd495a0000 - 0x00007ffd496c5000 	C:\Windows\SYSTEM32\OPENGL32.dll
0x00007ffd5ff70000 - 0x00007ffd5ff9c000 	C:\Windows\SYSTEM32\GLU32.dll
0x00007ffd79040000 - 0x00007ffd79058000 	C:\Windows\SYSTEM32\CRYPTSP.dll
0x00007ffd78780000 - 0x00007ffd787b4000 	C:\Windows\system32\rsaenh.dll
0x00007ffd795c0000 - 0x00007ffd795ee000 	C:\Windows\SYSTEM32\USERENV.dll
0x00007ffd79700000 - 0x00007ffd7977f000 	C:\Windows\System32\bcryptprimitives.dll
0x00007ffd79060000 - 0x00007ffd7906c000 	C:\Windows\SYSTEM32\CRYPTBASE.dll
0x00007ffd731a0000 - 0x00007ffd731b7000 	C:\Windows\SYSTEM32\dhcpcsvc6.DLL
0x00007ffd73180000 - 0x00007ffd7319d000 	C:\Windows\SYSTEM32\dhcpcsvc.DLL
0x00007ffd24910000 - 0x00007ffd24aa4000 	C:\Users\Administrator\.jdks\corretto-1.8.0_402-1\jre\bin\awt.dll
0x00007ffd7b8a0000 - 0x00007ffd7b96d000 	C:\Windows\System32\OLEAUT32.dll
0x00007ffd76fd0000 - 0x00007ffd77060000 	C:\Windows\SYSTEM32\apphelp.dll
0x00007ffd74560000 - 0x00007ffd7460e000 	C:\Windows\SYSTEM32\mscms.dll
0x00007ffd743d0000 - 0x00007ffd743e1000 	C:\Windows\SYSTEM32\ColorAdapterClient.dll
0x00007ffd7be70000 - 0x00007ffd7bf18000 	C:\Windows\System32\clbcatq.dll
0x00007ffd73030000 - 0x00007ffd73073000 	C:\Windows\System32\Windows.Internal.Graphics.Display.DisplayColorManagement.dll
0x00007ffd798b0000 - 0x00007ffd798fd000 	C:\Windows\System32\cfgmgr32.dll
0x00007ffd77190000 - 0x00007ffd7722f000 	C:\Windows\system32\uxtheme.dll
0x00007ffd7a2e0000 - 0x00007ffd7a3f5000 	C:\Windows\System32\MSCTF.dll
0x00007ffd71090000 - 0x00007ffd7118d000 	C:\Windows\SYSTEM32\textinputframework.dll
0x00007ffd76d90000 - 0x00007ffd76e82000 	C:\Windows\System32\CoreMessaging.dll
0x00007ffd76950000 - 0x00007ffd76caa000 	C:\Windows\System32\CoreUIComponents.dll
0x00007ffd78420000 - 0x00007ffd78453000 	C:\Windows\SYSTEM32\ntmarta.dll
0x00007ffd76280000 - 0x00007ffd763d6000 	C:\Windows\SYSTEM32\wintypes.dll
0x00007ffd73790000 - 0x00007ffd7388b000 	C:\Windows\System32\AppXDeploymentClient.dll
0x00007ffd292e0000 - 0x00007ffd2bc78000 	C:\Windows\System32\DriverStore\FileRepository\nv_dispi.inf_amd64_324f172f3e662ec5\nvoglv64.dll
0x00007ffd7ba00000 - 0x00007ffd7be67000 	C:\Windows\System32\SETUPAPI.dll
0x00007ffd7a070000 - 0x00007ffd7a199000 	C:\Windows\System32\ole32.dll
0x00007ffd754a0000 - 0x00007ffd754b4000 	C:\Windows\SYSTEM32\WTSAPI32.dll
0x00007ffd79480000 - 0x00007ffd794ac000 	C:\Windows\System32\DEVOBJ.dll
0x00007ffd79f90000 - 0x00007ffd79ff0000 	C:\Windows\System32\WINTRUST.dll
0x00007ffd79a50000 - 0x00007ffd79bad000 	C:\Windows\System32\CRYPT32.dll
0x00007ffd792c0000 - 0x00007ffd792d2000 	C:\Windows\System32\MSASN1.dll
0x00007ffd72fd0000 - 0x00007ffd7300b000 	C:\Windows\SYSTEM32\dxcore.dll
0x00007ffd50380000 - 0x00007ffd5062e000 	C:\Windows\system32\nvspcap64.dll
0x00007ffd77360000 - 0x00007ffd7738f000 	C:\Windows\SYSTEM32\dwmapi.dll
0x00007ffd49d00000 - 0x00007ffd49d43000 	C:\Windows\SYSTEM32\icm32.dll
0x00007ffd790a0000 - 0x00007ffd790eb000 	C:\Windows\SYSTEM32\powrprof.dll
0x00007ffd79020000 - 0x00007ffd79032000 	C:\Windows\SYSTEM32\UMPDC.dll
0x00007ffd78b20000 - 0x00007ffd78b7a000 	C:\Windows\SYSTEM32\WINSTA.dll
0x00007ffd49770000 - 0x00007ffd49815000 	C:\Users\Administrator\.jdks\corretto-1.8.0_402-1\jre\bin\freetype.dll
0x00007ffd49720000 - 0x00007ffd4976b000 	C:\Users\Administrator\.jdks\corretto-1.8.0_402-1\jre\bin\fontmanager.dll
0x00007ffd6a080000 - 0x00007ffd6a24d000 	C:\Windows\system32\d3d9.dll
0x00007ffd72dc0000 - 0x00007ffd72ec2000 	C:\Windows\System32\DriverStore\FileRepository\nv_dispi.inf_amd64_324f172f3e662ec5\nvldumdx.dll
0x00007ffd72ca0000 - 0x00007ffd72cd1000 	C:\Windows\SYSTEM32\cryptnet.dll
0x00007ffd7b7a0000 - 0x00007ffd7b7bd000 	C:\Windows\System32\imagehlp.dll
0x00007ffd22b30000 - 0x00007ffd2454a000 	C:\Windows\System32\DriverStore\FileRepository\nv_dispi.inf_amd64_324f172f3e662ec5\nvd3dumx.dll
0x00007ffd78000000 - 0x00007ffd78023000 	C:\Windows\SYSTEM32\gpapi.dll
0x00007ffd4bbf0000 - 0x00007ffd4bc1d000 	C:\Users\Administrator\.jdks\corretto-1.8.0_402-1\jre\bin\jpeg.dll
0x000002243ef50000 - 0x000002243efb4000 	C:\Users\Administrator\Desktop\Xy\src\main\resources\natives\OpenAL64.dll
0x00007ffd73900000 - 0x00007ffd73985000 	C:\Windows\System32\MMDevApi.dll
0x00007ffd42420000 - 0x00007ffd424bc000 	C:\Windows\SYSTEM32\dsound.dll
0x00007ffd607e0000 - 0x00007ffd60806000 	C:\Windows\SYSTEM32\winmmbase.dll
0x00007ffd73430000 - 0x00007ffd735b0000 	C:\Windows\SYSTEM32\AUDIOSES.DLL
0x00007ffd67740000 - 0x00007ffd67924000 	C:\Windows\SYSTEM32\dbghelp.dll

VM Arguments:
jvm_args: -Djava.library.path=C:/Users/Administrator/Desktop/Xy/src/main/resources/natives -javaagent:E:\IntelliJ IDEA Community Edition 2023.3.6\lib\idea_rt.jar=59294:E:\IntelliJ IDEA Community Edition 2023.3.6\bin -Dfile.encoding=UTF-8 
java_command: Start
java_class_path (initial): C:\Users\Administrator\.jdks\corretto-1.8.0_402-1\jre\lib\charsets.jar;C:\Users\Administrator\.jdks\corretto-1.8.0_402-1\jre\lib\ext\access-bridge-64.jar;C:\Users\Administrator\.jdks\corretto-1.8.0_402-1\jre\lib\ext\cldrdata.jar;C:\Users\Administrator\.jdks\corretto-1.8.0_402-1\jre\lib\ext\dnsns.jar;C:\Users\Administrator\.jdks\corretto-1.8.0_402-1\jre\lib\ext\jaccess.jar;C:\Users\Administrator\.jdks\corretto-1.8.0_402-1\jre\lib\ext\jfxrt.jar;C:\Users\Administrator\.jdks\corretto-1.8.0_402-1\jre\lib\ext\localedata.jar;C:\Users\Administrator\.jdks\corretto-1.8.0_402-1\jre\lib\ext\nashorn.jar;C:\Users\Administrator\.jdks\corretto-1.8.0_402-1\jre\lib\ext\sunec.jar;C:\Users\Administrator\.jdks\corretto-1.8.0_402-1\jre\lib\ext\sunjce_provider.jar;C:\Users\Administrator\.jdks\corretto-1.8.0_402-1\jre\lib\ext\sunmscapi.jar;C:\Users\Administrator\.jdks\corretto-1.8.0_402-1\jre\lib\ext\sunpkcs11.jar;C:\Users\Administrator\.jdks\corretto-1.8.0_402-1\jre\lib\ext\zipfs.jar;C:\Users\Administrator\.jdks\corretto-1.8.0_402-1\jre\lib\jce.jar;C:\Users\Administrator\.jdks\corretto-1.8.0_402-1\jre\lib\jfr.jar;C:\Users\Administrator\.jdks\corretto-1.8.0_402-1\jre\lib\jfxswt.jar;C:\Users\Administrator\.jdks\corretto-1.8.0_402-1\jre\lib\jsse.jar;C:\Users\Administrator\.jdks\corretto-1.8.0_402-1\jre\lib\management-agent.jar;C:\Users\Administrator\.jdks\corretto-1.8.0_402-1\jre\lib\resources.jar;C:\Users\Administrator\.jdks\corretto-1.8.0_402-1\jre\lib\rt.jar;C:\Users\Administrator\Desktop\Xy\out\production\Fluid;C:\Users\Administrator\Desktop\Xy\lib\commons-compress-1.21.jar;C:\Users\Administrator\Desktop\Xy\lib\libraryjavasound-20101123.jar;C:\Users\Administrator\Desktop\Xy\lib\ViaSnakeYaml-1.30.jar;C:\Users\Administrator\Desktop\Xy\lib\jinput-platform-2.0.5-natives-windows.jar;C:\Users\Administrator\Desktop\Xy\lib\slf4j-api-1.7.30.jar;C:\Users\Administrator\Desktop\Xy\lib\commons-io-2.11.0.jar;C:\Users\Administrator\Desktop\Xy\lib\log4j-core-2.18.0.jar;C:\Us
Launcher Type: SUN_STANDARD

Environment Variables:
JAVA_HOME=C:\Program Files\Java\jdk1.8.0_321
CLASSPATH=.;C:\Program Files\Java\jdk1.8.0_321\lib;C:\Program Files\Java\jdk1.8.0_321\lib\tools.jar
PATH=C:\Program Files (x86)\Common Files\Oracle\Java\javapath;C:\Windows\system32;C:\Windows;C:\Windows\System32\Wbem;C:\Windows\System32\WindowsPowerShell\v1.0\;C:\Windows\System32\OpenSSH\;C:\Program Files (x86)\NVIDIA Corporation\PhysX\Common;C:\Program Files\NVIDIA Corporation\NVIDIA NvDLISR;C:\Program Files\Java\jdk1.8.0_321\bin;C:\Program Files\Java\jdk1.8.0_321\jre\bin;C:\gradle-4.10.3\bin;C:\Program Files\dotnet\;E:\Git\cmd;C:\Users\Administrator\AppData\Local\Microsoft\WindowsApps;C:\Users\Administrator\.dotnet\tools
USERNAME=Administrator
OS=Windows_NT
PROCESSOR_IDENTIFIER=AMD64 Family 21 Model 19 Stepping 1, AuthenticAMD



---------------  S Y S T E M  ---------------

OS: Windows 10 , 64 bit Build 19041 (10.0.19041.292)

CPU:total 4 (initial active 4) (4 cores per cpu, 1 threads per core) family 21 model 19 stepping 1, cmov, cx8, fxsr, mmx, sse, sse2, sse3, ssse3, sse4.1, sse4.2, popcnt, avx, aes, clmul, mmxext, 3dnowpref, lzcnt, sse4a, tsc, tscinvbit, tscinv, bmi1

Memory: 4k page, physical 8350360k(749336k free), swap 17787544k(8569932k free)

vm_info: OpenJDK 64-Bit Server VM (25.402-b08) for windows-amd64 JRE (1.8.0_402-b08), built on Jan 18 2024 20:56:13 by "Administrator" with MS VC++ 15.9 (VS2017)

time: Sun May 19 13:52:03 2024
timezone: AMD64 Family 21 Model 19 Stepping 1, AuthenticAMD
elapsed time: 25.455428 seconds (0d 0h 0m 25s)

